<?xml version="1.0" encoding="UTF-8"?>
<!-- Generated by org.testng.reporters.JUnitXMLReporter -->
<testsuite ignored="0" hostname="DESKTOP-D8G3ELB" failures="0" tests="4" name="WebTable_Test" time="9.028" errors="0" timestamp="2023-05-07T10:09:50 IST">
  <testcase classname="testingbaba_test.WebTable_Test" name="@BeforeTest getlaunchurl" time="8.844">
    <failure type="org.openqa.selenium.NoSuchWindowException" message="no such window: target window already closed
from unknown error: web view not found
  (Session info: chrome=113.0.5672.63)
Build info: version: &amp;apos;3.141.59&amp;apos;, revision: &amp;apos;e82be7d358&amp;apos;, time: &amp;apos;2018-11-14T08:25:48&amp;apos;
System info: host: &amp;apos;DESKTOP-D8G3ELB&amp;apos;, ip: &amp;apos;192.168.1.4&amp;apos;, os.name: &amp;apos;Windows 11&amp;apos;, os.arch: &amp;apos;amd64&amp;apos;, os.version: &amp;apos;10.0&amp;apos;, java.version: &amp;apos;17.0.6&amp;apos;
Driver info: org.openqa.selenium.chrome.ChromeDriver
Capabilities {acceptInsecureCerts: false, browserName: chrome, browserVersion: 113.0.5672.63, chrome: {chromedriverVersion: 112.0.5615.49 (bd2a7bcb881c..., userDataDir: C:\Users\lovis\AppData\Loca...}, goog:chromeOptions: {debuggerAddress: localhost:60486}, javascriptEnabled: true, networkConnectionEnabled: false, pageLoadStrategy: normal, platform: WINDOWS, platformName: WINDOWS, proxy: Proxy(), setWindowRect: true, strictFileInteractability: false, timeouts: {implicit: 0, pageLoad: 300000, script: 30000}, unhandledPromptBehavior: dismiss and notify, webauthn:extension:credBlob: true, webauthn:extension:largeBlob: true, webauthn:extension:minPinLength: true, webauthn:extension:prf: true, webauthn:virtualAuthenticators: true}
Session ID: d51158bdf58956aa85fbfdf9d1c2b20b">
      <![CDATA[org.openqa.selenium.NoSuchWindowException: no such window: target window already closed
from unknown error: web view not found
  (Session info: chrome=113.0.5672.63)
Build info: version: '3.141.59', revision: 'e82be7d358', time: '2018-11-14T08:25:48'
System info: host: 'DESKTOP-D8G3ELB', ip: '192.168.1.4', os.name: 'Windows 11', os.arch: 'amd64', os.version: '10.0', java.version: '17.0.6'
Driver info: org.openqa.selenium.chrome.ChromeDriver
Capabilities {acceptInsecureCerts: false, browserName: chrome, browserVersion: 113.0.5672.63, chrome: {chromedriverVersion: 112.0.5615.49 (bd2a7bcb881c..., userDataDir: C:\Users\lovis\AppData\Loca...}, goog:chromeOptions: {debuggerAddress: localhost:60486}, javascriptEnabled: true, networkConnectionEnabled: false, pageLoadStrategy: normal, platform: WINDOWS, platformName: WINDOWS, proxy: Proxy(), setWindowRect: true, strictFileInteractability: false, timeouts: {implicit: 0, pageLoad: 300000, script: 30000}, unhandledPromptBehavior: dismiss and notify, webauthn:extension:credBlob: true, webauthn:extension:largeBlob: true, webauthn:extension:minPinLength: true, webauthn:extension:prf: true, webauthn:virtualAuthenticators: true}
Session ID: d51158bdf58956aa85fbfdf9d1c2b20b
at org.openqa.selenium.remote.http.W3CHttpResponseCodec.createException(W3CHttpResponseCodec.java:187)
at org.openqa.selenium.remote.http.W3CHttpResponseCodec.decode(W3CHttpResponseCodec.java:122)
at org.openqa.selenium.remote.http.W3CHttpResponseCodec.decode(W3CHttpResponseCodec.java:49)
at org.openqa.selenium.remote.HttpCommandExecutor.execute(HttpCommandExecutor.java:158)
at org.openqa.selenium.remote.service.DriverCommandExecutor.execute(DriverCommandExecutor.java:83)
at org.openqa.selenium.remote.RemoteWebDriver.execute(RemoteWebDriver.java:552)
at org.openqa.selenium.remote.RemoteWebDriver.execute(RemoteWebDriver.java:609)
at org.openqa.selenium.remote.RemoteWebDriver$RemoteWebDriverOptions$RemoteWindow.maximize(RemoteWebDriver.java:837)
at baselibrary.BaseLibary.getLaunchUrl(BaseLibary.java:46)
at testingbaba_test.WebTable_Test.getlaunchurl(WebTable_Test.java:17)
... Removed 29 stack frames]]>
    </failure>
  </testcase> <!-- @BeforeTest getlaunchurl -->
  <testcase classname="baselibrary.BaseLibary" name="@AfterMethod ResultAnalysis" time="-1.683434390408E9">
    <skipped/>
  </testcase> <!-- @AfterMethod ResultAnalysis -->
  <testcase classname="baselibrary.BaseLibary" name="@AfterMethod ResultAnalysis" time="-1.683434390435E9">
    <skipped/>
  </testcase> <!-- @AfterMethod ResultAnalysis -->
  <testcase classname="baselibrary.BaseLibary" name="@AfterMethod ResultAnalysis" time="-1.683434390442E9">
    <skipped/>
  </testcase> <!-- @AfterMethod ResultAnalysis -->
  <testcase classname="baselibrary.BaseLibary" name="@AfterMethod ResultAnalysis" time="-1.683434390451E9">
    <skipped/>
  </testcase> <!-- @AfterMethod ResultAnalysis -->
  <testcase classname="baselibrary.BaseLibary" name="@AfterTest Teardown" time="-1.683434390459E9">
    <skipped/>
  </testcase> <!-- @AfterTest Teardown -->
  <testcase classname="testingbaba_test.WebTable_Test" name="clickonelement" time="0.0">
    <skipped/>
  </testcase> <!-- clickonelement -->
  <testcase classname="testingbaba_test.WebTable_Test" name="clickonwebtable" time="0.0">
    <skipped/>
  </testcase> <!-- clickonwebtable -->
  <testcase classname="testingbaba_test.WebTable_Test" name="Webtabledetail" time="0.0">
    <skipped/>
  </testcase> <!-- Webtabledetail -->
  <testcase classname="testingbaba_test.WebTable_Test" name="editdetails" time="0.0">
    <skipped/>
  </testcase> <!-- editdetails -->
</testsuite> <!-- WebTable_Test -->
