<?xml version="1.0" encoding="UTF-8"?>
<!-- Generated by org.testng.reporters.JUnitXMLReporter -->
<testsuite ignored="0" hostname="DESKTOP-MEB0TKK" failures="1" tests="4" name="Testbox_Test" time="63.373" errors="0" timestamp="2023-03-22T20:05:56 IST">
  <testcase classname="testingbaba_test.TestBox_Test" name="clickonelements" time="0.105"/>
  <testcase classname="testingbaba_test.TestBox_Test" name="clickontextbox" time="0.084"/>
  <testcase classname="testingbaba_test.TestBox_Test" name="filldetails" time="3.23"/>
  <testcase classname="testingbaba_test.TestBox_Test" name="Verify" time="0.335">
    <failure type="java.lang.AssertionError" message="The following asserts failed:
	expected [mayank] but found [ram],
	expected [mk@gmail.com] but found [sjkm@gmail.com]">
      <![CDATA[java.lang.AssertionError: The following asserts failed:
expected [mayank] but found [ram],
expected [mk@gmail.com] but found [sjkm@gmail.com]
at testingbaba_pages.TestBox_Page.Verify(TestBox_Page.java:85)
at testingbaba_test.TestBox_Test.Verify(TestBox_Test.java:39)
at java.base/java.util.ArrayList.forEach(ArrayList.java:1511)
... Removed 27 stack frames]]>
    </failure>
  </testcase> <!-- Verify -->
</testsuite> <!-- Testbox_Test -->
